<?xml version="1.0" encoding="UTF-8"?>
<testng-results ignored="0" total="1" passed="1" failed="0" skipped="0">
  <reporter-output>
  </reporter-output>
  <suite started-at="2020-03-28T11:56:36 IST" name="Suite" finished-at="2020-03-28T11:59:35 IST" duration-ms="178636">
    <groups>
      <group name="cucumber">
        <method signature="AbstractTestNGCucumberTests.feature(cucumber.api.testng.CucumberFeatureWrapper)[pri:0, instance:Runner_PKG.Testrunner@667a738]" name="feature" class="cucumber.api.testng.AbstractTestNGCucumberTests"/>
      </group> <!-- cucumber -->
    </groups>
    <test started-at="2020-03-28T11:56:36 IST" name="Test" finished-at="2020-03-28T11:59:35 IST" duration-ms="178636">
      <class name="Runner_PKG.Testrunner">
        <test-method is-config="true" signature="setUpClass()[pri:0, instance:Runner_PKG.Testrunner@667a738]" started-at="2020-03-28T11:56:36 IST" name="setUpClass" finished-at="2020-03-28T11:56:37 IST" duration-ms="291" status="PASS">
          <reporter-output>
          </reporter-output>
        </test-method> <!-- setUpClass -->
        <test-method signature="feature(cucumber.api.testng.CucumberFeatureWrapper)[pri:0, instance:Runner_PKG.Testrunner@667a738]" started-at="2020-03-28T11:56:37 IST" name="feature" description="Runs Cucumber Feature" data-provider="features" finished-at="2020-03-28T11:59:35 IST" duration-ms="178190" status="PASS">
          <params>
            <param index="0">
              <value>
                <![CDATA[Automation Website]]>
              </value>
            </param>
          </params>
          <reporter-output>
          </reporter-output>
        </test-method> <!-- feature -->
        <test-method is-config="true" signature="tearDownClass()[pri:0, instance:Runner_PKG.Testrunner@667a738]" started-at="2020-03-28T11:59:35 IST" name="tearDownClass" finished-at="2020-03-28T11:59:35 IST" duration-ms="13" status="PASS">
          <reporter-output>
          </reporter-output>
        </test-method> <!-- tearDownClass -->
      </class> <!-- Runner_PKG.Testrunner -->
    </test> <!-- Test -->
  </suite> <!-- Suite -->
</testng-results>
